#
# There is insufficient memory for the Java Runtime Environment to continue.
# Native memory allocation (mmap) failed to map 536870912 bytes for Failed to commit area from 0x0000000601800000 to 0x0000000621800000 of length 536870912.
# Possible reasons:
#   The system is out of physical RAM or swap space
#   The process is running with CompressedOops enabled, and the Java Heap may be blocking the growth of the native heap
# Possible solutions:
#   Reduce memory load on the system
#   Increase physical memory or swap space
#   Check if swap backing store is full
#   Decrease Java heap size (-Xmx/-Xms)
#   Decrease number of Java threads
#   Decrease Java thread stack sizes (-Xss)
#   Set larger code cache with -XX:ReservedCodeCacheSize=
# This output file may be truncated or incomplete.
#
#  Out of Memory Error (./open/src/hotspot/os/windows/os_windows.cpp:3283), pid=66852, tid=62324
#
# JRE version:  (11.0.17+10) (build )
# Java VM: Java HotSpot(TM) 64-Bit Server VM (11.0.17+10-LTS-269, mixed mode, sharing, tiered, compressed oops, g1 gc, windows-amd64)
# No core dump will be written. Minidumps are not enabled by default on client versions of Windows
#

---------------  S U M M A R Y ------------

Command Line: -Dfile.encoding=UTF-8 artifactExample.Principal

Host: 11th Gen Intel(R) Core(TM) i7-11700K @ 3.60GHz, 16 cores, 31G,  Windows 10 , 64 bit Build 19041 (10.0.19041.3155)
Time: Sat Jul 22 23:57:31 2023 Hora est. Sudamérica Pacífico elapsed time: 0.006170 seconds (0d 0h 0m 0s)

---------------  T H R E A D  ---------------

Current thread (0x000002342639d000):  JavaThread "Unknown thread" [_thread_in_vm, id=62324, stack(0x000000a97b500000,0x000000a97b600000)]

Stack: [0x000000a97b500000,0x000000a97b600000]
Native frames: (J=compiled Java code, j=interpreted, Vv=VM code, C=native code)
V  [jvm.dll+0x62b5da]
V  [jvm.dll+0x7653df]
V  [jvm.dll+0x766a89]
V  [jvm.dll+0x767113]
V  [jvm.dll+0x23dd28]
V  [jvm.dll+0x62896a]
V  [jvm.dll+0x61d625]
V  [jvm.dll+0x2f2d3c]
V  [jvm.dll+0x2f2bc2]
V  [jvm.dll+0x2f78e6]
V  [jvm.dll+0x33a2df]
V  [jvm.dll+0x339d10]
V  [jvm.dll+0x2d0368]
V  [jvm.dll+0x2d14d6]
V  [jvm.dll+0x73f9a7]
V  [jvm.dll+0x74123f]
V  [jvm.dll+0x347039]
V  [jvm.dll+0x725280]
V  [jvm.dll+0x3b5c1f]
V  [jvm.dll+0x3b7d31]
C  [jli.dll+0x5207]
C  [ucrtbase.dll+0x21bb2]
C  [KERNEL32.DLL+0x17614]
C  [ntdll.dll+0x526b1]


---------------  P R O C E S S  ---------------

Threads class SMR info:
_java_thread_list=0x00000234262131b0, length=0, elements={
}

Java Threads: ( => current thread )

Other Threads:
  0x00000234263ae000 GCTaskThread "GC Thread#0" [stack: 0x000000a97b600000,0x000000a97b700000] [id=18440]
  0x000002342642e000 ConcurrentGCThread "G1 Main Marker" [stack: 0x000000a97b700000,0x000000a97b800000] [id=44424]
  0x000002342642f000 ConcurrentGCThread "G1 Conc#0" [stack: 0x000000a97b800000,0x000000a97b900000] [id=13076]

[error occurred during error reporting (printing all threads), id 0xc0000005, EXCEPTION_ACCESS_VIOLATION (0xc0000005) at pc=0x00007ffdbd4af5f7]

VM state:not at safepoint (not fully initialized)

VM Mutex/Monitor currently owned by a thread:  ([mutex/lock_event])
[0x0000023426398810] Heap_lock - owner thread: 0x000002342639d000

Heap address: 0x0000000601800000, size: 8168 MB, Compressed Oops mode: Non-zero based: 0x0000000601800000
Narrow klass base: 0x0000000000000000, Narrow klass shift: 0

GC Heap History (0 events):
No events

Deoptimization events (0 events):
No events

Classes redefined (0 events):
No events

Internal exceptions (0 events):
No events

Events (0 events):
No events


Dynamic libraries:
0x00007ff695e40000 - 0x00007ff695e4f000 	C:\Program Files\Java\jdk-11.0.17\bin\javaw.exe
0x00007ffe39910000 - 0x00007ffe39b08000 	C:\Windows\SYSTEM32\ntdll.dll
0x00007ffe38550000 - 0x00007ffe3860f000 	C:\Windows\System32\KERNEL32.DLL
0x00007ffe37490000 - 0x00007ffe37786000 	C:\Windows\System32\KERNELBASE.dll
0x00007ffe371e0000 - 0x00007ffe372e0000 	C:\Windows\System32\ucrtbase.dll
0x00007ffe2e5c0000 - 0x00007ffe2e5d8000 	C:\Program Files\Java\jdk-11.0.17\bin\jli.dll
0x00007ffe37bc0000 - 0x00007ffe37c6f000 	C:\Windows\System32\ADVAPI32.dll
0x00007ffe2a7d0000 - 0x00007ffe2a7e5000 	C:\Program Files\Java\jdk-11.0.17\bin\VCRUNTIME140.dll
0x00007ffe38840000 - 0x00007ffe388de000 	C:\Windows\System32\msvcrt.dll
0x00007ffe37b20000 - 0x00007ffe37bbc000 	C:\Windows\System32\sechost.dll
0x00007ffe38680000 - 0x00007ffe387a6000 	C:\Windows\System32\RPCRT4.dll
0x00007ffe394a0000 - 0x00007ffe3963d000 	C:\Windows\System32\USER32.dll
0x00007ffe37790000 - 0x00007ffe377b2000 	C:\Windows\System32\win32u.dll
0x00007ffe24560000 - 0x00007ffe247fa000 	C:\Windows\WinSxS\amd64_microsoft.windows.common-controls_6595b64144ccf1df_6.0.19041.1110_none_60b5254171f9507e\COMCTL32.dll
0x00007ffe38190000 - 0x00007ffe381bc000 	C:\Windows\System32\GDI32.dll
0x00007ffe36ff0000 - 0x00007ffe37105000 	C:\Windows\System32\gdi32full.dll
0x00007ffe37140000 - 0x00007ffe371dd000 	C:\Windows\System32\msvcp_win.dll
0x00007ffe34130000 - 0x00007ffe3413a000 	C:\Windows\SYSTEM32\VERSION.dll
0x00007ffe381c0000 - 0x00007ffe381f0000 	C:\Windows\System32\IMM32.DLL
0x00007ffe11660000 - 0x00007ffe116fb000 	C:\Program Files\Java\jdk-11.0.17\bin\msvcp140.dll
0x00007ffdbd1d0000 - 0x00007ffdbdcea000 	C:\Program Files\Java\jdk-11.0.17\bin\server\jvm.dll
0x00007ffe38670000 - 0x00007ffe38678000 	C:\Windows\System32\PSAPI.DLL
0x00007ffe20d40000 - 0x00007ffe20d49000 	C:\Windows\SYSTEM32\WSOCK32.dll
0x00007ffe251f0000 - 0x00007ffe25217000 	C:\Windows\SYSTEM32\WINMM.dll
0x00007ffe388e0000 - 0x00007ffe3894b000 	C:\Windows\System32\WS2_32.dll
0x00007ffe34ec0000 - 0x00007ffe34ed2000 	C:\Windows\SYSTEM32\kernel.appcore.dll
0x00007ffe34050000 - 0x00007ffe34060000 	C:\Program Files\Java\jdk-11.0.17\bin\verify.dll
0x00007ffe30890000 - 0x00007ffe30a74000 	C:\Windows\SYSTEM32\DBGHELP.DLL
0x00007ffe30800000 - 0x00007ffe30834000 	C:\Windows\SYSTEM32\dbgcore.DLL
0x00007ffe37870000 - 0x00007ffe378f2000 	C:\Windows\System32\bcryptPrimitives.dll
0x00007ffe14180000 - 0x00007ffe141a8000 	C:\Program Files\Java\jdk-11.0.17\bin\java.dll
0x00007ffe2e640000 - 0x00007ffe2e64a000 	C:\Program Files\Java\jdk-11.0.17\bin\jimage.dll
0x00007ffe2a510000 - 0x00007ffe2a526000 	C:\Program Files\Java\jdk-11.0.17\bin\zip.dll

dbghelp: loaded successfully - version: 4.0.5 - missing functions: none
symbol engine: initialized successfully - sym options: 0x614 - pdb path: .;C:\Program Files\Java\jdk-11.0.17\bin;C:\Windows\SYSTEM32;C:\Windows\WinSxS\amd64_microsoft.windows.common-controls_6595b64144ccf1df_6.0.19041.1110_none_60b5254171f9507e;C:\Program Files\Java\jdk-11.0.17\bin\server

VM Arguments:
jvm_args: -Dfile.encoding=UTF-8 
java_command: artifactExample.Principal
java_class_path (initial): E:\Java\Proyectos Java\fileIO\fileio\artifactExample\target\classes;C:\Users\Carlos\.m2\repository\com\squareup\okhttp\okhttp\2.7.5\okhttp-2.7.5.jar;C:\Users\Carlos\.m2\repository\com\google\code\gson\gson\2.10.1\gson-2.10.1.jar;C:\Users\Carlos\.m2\repository\log4j\log4j\1.2.17\log4j-1.2.17.jar;C:\Users\Carlos\.m2\repository\org\apache\poi\poi-ooxml\3.9\poi-ooxml-3.9.jar;C:\Users\Carlos\.m2\repository\org\apache\poi\poi\3.9\poi-3.9.jar;C:\Users\Carlos\.m2\repository\commons-codec\commons-codec\1.5\commons-codec-1.5.jar;C:\Users\Carlos\.m2\repository\org\apache\poi\poi-ooxml-schemas\3.9\poi-ooxml-schemas-3.9.jar;C:\Users\Carlos\.m2\repository\org\apache\xmlbeans\xmlbeans\2.3.0\xmlbeans-2.3.0.jar;C:\Users\Carlos\.m2\repository\stax\stax-api\1.0.1\stax-api-1.0.1.jar;C:\Users\Carlos\.m2\repository\dom4j\dom4j\1.6.1\dom4j-1.6.1.jar;C:\Users\Carlos\.m2\repository\xml-apis\xml-apis\1.0.b2\xml-apis-1.0.b2.jar;C:\Users\Carlos\.m2\repository\com\auth0\java-jwt\4.4.0\java-jwt-4.4.0.jar;C:\Users\Carlos\.m2\repository\com\fasterxml\jackson\core\jackson-databind\2.14.2\jackson-databind-2.14.2.jar;C:\Users\Carlos\.m2\repository\com\fasterxml\jackson\core\jackson-annotations\2.14.2\jackson-annotations-2.14.2.jar;C:\Users\Carlos\.m2\repository\com\fasterxml\jackson\core\jackson-core\2.14.2\jackson-core-2.14.2.jar;C:\Users\Carlos\.m2\repository\com\squareup\okio\okio\1.6.0\okio-1.6.0.jar;C:\Users\Carlos\.m2\repository\org\projectlombok\lombok\1.18.28\lombok-1.18.28.jar
Launcher Type: SUN_STANDARD

[Global flags]
     intx CICompilerCount                          = 12                                        {product} {ergonomic}
     uint ConcGCThreads                            = 3                                         {product} {ergonomic}
     uint G1ConcRefinementThreads                  = 13                                        {product} {ergonomic}
   size_t G1HeapRegionSize                         = 2097152                                   {product} {ergonomic}
    uintx GCDrainStackTargetSize                   = 64                                        {product} {ergonomic}
   size_t InitialHeapSize                          = 536870912                                 {product} {ergonomic}
   size_t MarkStackSize                            = 4194304                                   {product} {ergonomic}
   size_t MaxHeapSize                              = 8564768768                                {product} {ergonomic}
   size_t MinHeapDeltaBytes                        = 2097152                                   {product} {ergonomic}
    uintx NonNMethodCodeHeapSize                   = 7594288                                {pd product} {ergonomic}
    uintx NonProfiledCodeHeapSize                  = 122031976                              {pd product} {ergonomic}
    uintx ProfiledCodeHeapSize                     = 122031976                              {pd product} {ergonomic}
    uintx ReservedCodeCacheSize                    = 251658240                              {pd product} {ergonomic}
     bool SegmentedCodeCache                       = true                                      {product} {ergonomic}
     bool UseCompressedClassPointers               = true                                 {lp64_product} {ergonomic}
     bool UseCompressedOops                        = true                                 {lp64_product} {ergonomic}
     bool UseG1GC                                  = true                                      {product} {ergonomic}
     bool UseLargePagesIndividualAllocation        = false                                  {pd product} {ergonomic}

Logging:
Log output configuration:
 #0: stdout all=warning uptime,level,tags
 #1: stderr all=off uptime,level,tags

Environment Variables:
PATH=C:/Users/Carlos/.p2/pool/plugins/org.eclipse.justj.openjdk.hotspot.jre.full.win32.x86_64_17.0.6.v20230204-1729/jre/bin/server;C:/Users/Carlos/.p2/pool/plugins/org.eclipse.justj.openjdk.hotspot.jre.full.win32.x86_64_17.0.6.v20230204-1729/jre/bin;C:\Program Files\Common Files\Oracle\Java\javapath;C:\Program Files (x86)\Common Files\Oracle\Java\javapath;C:\Windows\system32;C:\Windows;C:\Windows\System32\Wbem;C:\Windows\System32\WindowsPowerShell\v1.0\;C:\Windows\System32\OpenSSH\;C:\Program Files\nodejs\;C:\Program Files\Git\cmd;C:\Program Files\NVIDIA Corporation\NVIDIA NvDLISR;C:\Program Files (x86)\NVIDIA Corporation\PhysX\Common;C:\Users\Carlos\AppData\Local\Programs\Python\Python311\Scripts\;C:\Users\Carlos\AppData\Local\Programs\Python\Python311\;C:\Users\Carlos\AppData\Local\Microsoft\WindowsApps;C:\Users\Carlos\AppData\Local\Programs\Microsoft VS Code\bin;C:\Users\Carlos\AppData\Roaming\npm;C:\xampp\mysql\bin;;E:\Java\Proyectos Java\fileIO;
USERNAME=Carlos
OS=Windows_NT
PROCESSOR_IDENTIFIER=Intel64 Family 6 Model 167 Stepping 1, GenuineIntel



---------------  S Y S T E M  ---------------

OS: Windows 10 , 64 bit Build 19041 (10.0.19041.3155)

CPU:total 16 (initial active 16) (8 cores per cpu, 2 threads per core) family 6 model 167 stepping 1 microcode 0x3c, cmov, cx8, fxsr, mmx, sse, sse2, sse3, ssse3, sse4.1, sse4.2, popcnt, avx, avx2, aes, clmul, erms, 3dnowpref, lzcnt, ht, tsc, tscinvbit, bmi1, bmi2, adx, evex, sha, fma

Memory: 4k page, system-wide physical 32665M (13817M free)
TotalPageFile size 130969M (AvailPageFile size 9M)
current process WorkingSet (physical memory assigned to process): 10M, peak: 10M
current process commit charge ("private bytes"): 71M, peak: 583M

vm_info: Java HotSpot(TM) 64-Bit Server VM (11.0.17+10-LTS-269) for windows-amd64 JRE (11.0.17+10-LTS-269), built on Sep 13 2022 19:26:37 by "mach5one" with MS VC++ 15.9 (VS2017)

END.
